#
# There is insufficient memory for the Java Runtime Environment to continue.
# Native memory allocation (malloc) failed to allocate 32744 bytes for ChunkPool::allocate
# Possible reasons:
#   The system is out of physical RAM or swap space
#   The process is running with CompressedOops enabled, and the Java Heap may be blocking the growth of the native heap
# Possible solutions:
#   Reduce memory load on the system
#   Increase physical memory or swap space
#   Check if swap backing store is full
#   Decrease Java heap size (-Xmx/-Xms)
#   Decrease number of Java threads
#   Decrease Java thread stack sizes (-Xss)
#   Set larger code cache with -XX:ReservedCodeCacheSize=
#   JVM is running with Unscaled Compressed Oops mode in which the Java heap is
#     placed in the first 4GB address space. The Java Heap base address is the
#     maximum limit for the native heap growth. Please use -XX:HeapBaseMinAddress
#     to set the Java Heap base and to place the Java Heap above 4GB virtual address.
# This output file may be truncated or incomplete.
#
#  Out of Memory Error (allocation.cpp:272), pid=2576, tid=0x00000000000008fc
#
# JRE version: OpenJDK Runtime Environment (8.0_242-b01) (build 1.8.0_242-release-1644-b01)
# Java VM: OpenJDK 64-Bit Server VM (25.242-b01 mixed mode windows-amd64 compressed oops)
# Failed to write core dump. Minidumps are not enabled by default on client versions of Windows
#

---------------  T H R E A D  ---------------

Current thread (0x0000000014bed800):  JavaThread "C1 CompilerThread2" daemon [_thread_in_native, id=2300, stack(0x0000000016430000,0x0000000016530000)]

Stack: [0x0000000016430000,0x0000000016530000]
[error occurred during error reporting (printing stack bounds), id 0xc0000005]

Native frames: (J=compiled Java code, j=interpreted, Vv=VM code, C=native code)


Current CompileTask:
C1:   5479 1092   !   3       kotlin.reflect.jvm.internal.impl.metadata.ProtoBuf$Class::<init> (1949 bytes)


---------------  P R O C E S S  ---------------

Java Threads: ( => current thread )
  0x0000000016563800 JavaThread "Service Thread" daemon [_thread_blocked, id=5636, stack(0x0000000016930000,0x0000000016a30000)]
=>0x0000000014bed800 JavaThread "C1 CompilerThread2" daemon [_thread_in_native, id=2300, stack(0x0000000016430000,0x0000000016530000)]
  0x0000000014bdf000 JavaThread "C2 CompilerThread1" daemon [_thread_blocked, id=1808, stack(0x0000000016330000,0x0000000016430000)]
  0x0000000014bd9000 JavaThread "C2 CompilerThread0" daemon [_thread_blocked, id=2892, stack(0x0000000016230000,0x0000000016330000)]
  0x0000000014bd7000 JavaThread "Attach Listener" daemon [_thread_blocked, id=4572, stack(0x0000000016130000,0x0000000016230000)]
  0x0000000014bd5800 JavaThread "Signal Dispatcher" daemon [_thread_blocked, id=3548, stack(0x0000000016030000,0x0000000016130000)]
  0x00000000025ce800 JavaThread "Finalizer" daemon [_thread_blocked, id=5924, stack(0x0000000015e30000,0x0000000015f30000)]
  0x00000000025c5000 JavaThread "Reference Handler" daemon [_thread_blocked, id=5440, stack(0x0000000015d30000,0x0000000015e30000)]
  0x00000000024d4800 JavaThread "main" [_thread_in_native, id=2020, stack(0x00000000023d0000,0x00000000024d0000)]

Other Threads:
  0x0000000014b96800 VMThread [stack: 0x0000000015c30000,0x0000000015d30000] [id=2112]
  0x0000000014c2e800 WatcherThread [stack: 0x0000000016a30000,0x0000000016b30000] [id=688]

VM state:not at safepoint (normal execution)

VM Mutex/Monitor currently owned by a thread: None

heap address: 0x00000000c1600000, size: 1002 MB, Compressed Oops mode: 32-bit
Narrow klass base: 0x0000000000000000, Narrow klass shift: 3
Compressed class space size: 1073741824 Address: 0x0000000100000000

Heap:
 PSYoungGen      total 18944K, used 10489K [0x00000000eb200000, 0x00000000ec700000, 0x0000000100000000)
  eden space 16384K, 48% used [0x00000000eb200000,0x00000000eb9c6140,0x00000000ec200000)
  from space 2560K, 98% used [0x00000000ec480000,0x00000000ec6f8440,0x00000000ec700000)
  to   space 2560K, 0% used [0x00000000ec200000,0x00000000ec200000,0x00000000ec480000)
 ParOldGen       total 44032K, used 3757K [0x00000000c1600000, 0x00000000c4100000, 0x00000000eb200000)
  object space 44032K, 8% used [0x00000000c1600000,0x00000000c19ab760,0x00000000c4100000)
 Metaspace       used 10826K, capacity 10940K, committed 11008K, reserved 1058816K
  class space    used 1181K, capacity 1244K, committed 1280K, reserved 1048576K

Card table byte_map: [0x0000000011990000,0x0000000011b90000] byte_map_base: 0x0000000011385000

Marking Bits: (ParMarkBitMap*) 0x000000006070f030
 Begin Bits: [0x00000000120e0000, 0x0000000013088000)
 End Bits:   [0x0000000013088000, 0x0000000014030000)

Polling page: 0x0000000000610000

CodeCache: size=245760Kb used=3585Kb max_used=3605Kb free=242174Kb
 bounds [0x00000000025d0000, 0x0000000002960000, 0x00000000115d0000]
 total_blobs=1434 nmethods=1096 adapters=251
 compilation: enabled

Compilation events (10 events):
Event: 5.465 Thread 0x0000000014bdf000 nmethod 1100 0x0000000002946250 code [0x00000000029463a0, 0x0000000002946448]
Event: 5.465 Thread 0x0000000014bdf000 1105       4       java.util.Collections$UnmodifiableCollection::size (10 bytes)
Event: 5.466 Thread 0x0000000014bdf000 nmethod 1105 0x0000000002945fd0 code [0x0000000002946120, 0x00000000029461b8]
Event: 5.466 Thread 0x0000000014bd9000 nmethod 1089 0x0000000002945510 code [0x0000000002945680, 0x0000000002945b48]
Event: 5.468 Thread 0x0000000014bdf000 1110  s    4       kotlin.reflect.jvm.internal.impl.protobuf.ByteString$Output::toByteString (12 bytes)
Event: 5.469 Thread 0x0000000014bd9000 1111       4       java.util.Collections$UnmodifiableList::get (11 bytes)
Event: 5.470 Thread 0x0000000014bd9000 nmethod 1111 0x0000000002956dd0 code [0x0000000002956f20, 0x0000000002957018]
Event: 5.470 Thread 0x0000000014bdf000 nmethod 1110 0x0000000002949190 code [0x00000000029492e0, 0x0000000002949578]
Event: 5.470 Thread 0x0000000014bd9000 1112       4       java.lang.StringBuilder::toString (17 bytes)
Event: 5.473 Thread 0x0000000014bd9000 nmethod 1112 0x0000000002947590 code [0x00000000029476e0, 0x0000000002947a18]

GC Heap History (4 events):
Event: 3.891 GC heap before
{Heap before GC invocations=1 (full 0):
 PSYoungGen      total 18944K, used 16384K [0x00000000eb200000, 0x00000000ec700000, 0x0000000100000000)
  eden space 16384K, 100% used [0x00000000eb200000,0x00000000ec200000,0x00000000ec200000)
  from space 2560K, 0% used [0x00000000ec480000,0x00000000ec480000,0x00000000ec700000)
  to   space 2560K, 0% used [0x00000000ec200000,0x00000000ec200000,0x00000000ec480000)
 ParOldGen       total 44032K, used 0K [0x00000000c1600000, 0x00000000c4100000, 0x00000000eb200000)
  object space 44032K, 0% used [0x00000000c1600000,0x00000000c1600000,0x00000000c4100000)
 Metaspace       used 7155K, capacity 7532K, committed 7808K, reserved 1056768K
  class space    used 718K, capacity 796K, committed 896K, reserved 1048576K
Event: 3.896 GC heap after
Heap after GC invocations=1 (full 0):
 PSYoungGen      total 18944K, used 2555K [0x00000000eb200000, 0x00000000ec700000, 0x0000000100000000)
  eden space 16384K, 0% used [0x00000000eb200000,0x00000000eb200000,0x00000000ec200000)
  from space 2560K, 99% used [0x00000000ec200000,0x00000000ec47ef58,0x00000000ec480000)
  to   space 2560K, 0% used [0x00000000ec480000,0x00000000ec480000,0x00000000ec700000)
 ParOldGen       total 44032K, used 1173K [0x00000000c1600000, 0x00000000c4100000, 0x00000000eb200000)
  object space 44032K, 2% used [0x00000000c1600000,0x00000000c17255d0,0x00000000c4100000)
 Metaspace       used 7155K, capacity 7532K, committed 7808K, reserved 1056768K
  class space    used 718K, capacity 796K, committed 896K, reserved 1048576K
}
Event: 5.136 GC heap before
{Heap before GC invocations=2 (full 0):
 PSYoungGen      total 18944K, used 18939K [0x00000000eb200000, 0x00000000ec700000, 0x0000000100000000)
  eden space 16384K, 100% used [0x00000000eb200000,0x00000000ec200000,0x00000000ec200000)
  from space 2560K, 99% used [0x00000000ec200000,0x00000000ec47ef58,0x00000000ec480000)
  to   space 2560K, 0% used [0x00000000ec480000,0x00000000ec480000,0x00000000ec700000)
 ParOldGen       total 44032K, used 1173K [0x00000000c1600000, 0x00000000c4100000, 0x00000000eb200000)
  object space 44032K, 2% used [0x00000000c1600000,0x00000000c17255d0,0x00000000c4100000)
 Metaspace       used 10069K, capacity 10236K, committed 10496K, reserved 1058816K
  class space    used 1101K, capacity 1180K, committed 1280K, reserved 1048576K
Event: 5.152 GC heap after
Heap after GC invocations=2 (full 0):
 PSYoungGen      total 18944K, used 2529K [0x00000000eb200000, 0x00000000ec700000, 0x0000000100000000)
  eden space 16384K, 0% used [0x00000000eb200000,0x00000000eb200000,0x00000000ec200000)
  from space 2560K, 98% used [0x00000000ec480000,0x00000000ec6f8440,0x00000000ec700000)
  to   space 2560K, 0% used [0x00000000ec200000,0x00000000ec200000,0x00000000ec480000)
 ParOldGen       total 44032K, used 3757K [0x00000000c1600000, 0x00000000c4100000, 0x00000000eb200000)
  object space 44032K, 8% used [0x00000000c1600000,0x00000000c19ab760,0x00000000c4100000)
 Metaspace       used 10069K, capacity 10236K, committed 10496K, reserved 1058816K
  class space    used 1101K, capacity 1180K, committed 1280K, reserved 1048576K
}

Deoptimization events (2 events):
Event: 3.725 Thread 0x00000000024d4800 Uncommon trap: reason=unstable_if action=reinterpret pc=0x000000000279bc70 method=java.lang.String.indexOf([CII[CIII)I @ 134
Event: 4.855 Thread 0x00000000024d4800 Uncommon trap: reason=unstable_if action=reinterpret pc=0x000000000284afc8 method=kotlin.reflect.jvm.internal.impl.protobuf.CodedInputStream.readRawVarint32()I @ 10

Classes redefined (0 events):
No events

Internal exceptions (10 events):
Event: 1.741 Thread 0x00000000024d4800 Exception <a 'java/lang/NoSuchFieldError': method resolution failed> (0x00000000eb5506c0) thrown at [C:\src\AOSP-openjdk-git\hotspot\src\share\vm\prims\methodHandles.cpp, line 1167]
Event: 1.746 Thread 0x00000000024d4800 Exception <a 'java/lang/NoSuchFieldError': method resolution failed> (0x00000000eb55daf0) thrown at [C:\src\AOSP-openjdk-git\hotspot\src\share\vm\prims\methodHandles.cpp, line 1167]
Event: 3.697 Thread 0x00000000024d4800 Exception <a 'java/security/PrivilegedActionException'> (0x00000000ec038948) thrown at [C:\src\AOSP-openjdk-git\hotspot\src\share\vm\prims\jvm.cpp, line 1502]
Event: 3.697 Thread 0x00000000024d4800 Exception <a 'java/security/PrivilegedActionException'> (0x00000000ec038d40) thrown at [C:\src\AOSP-openjdk-git\hotspot\src\share\vm\prims\jvm.cpp, line 1502]
Event: 3.700 Thread 0x00000000024d4800 Exception <a 'java/security/PrivilegedActionException'> (0x00000000ec03cf00) thrown at [C:\src\AOSP-openjdk-git\hotspot\src\share\vm\prims\jvm.cpp, line 1502]
Event: 3.700 Thread 0x00000000024d4800 Exception <a 'java/security/PrivilegedActionException'> (0x00000000ec03d2f8) thrown at [C:\src\AOSP-openjdk-git\hotspot\src\share\vm\prims\jvm.cpp, line 1502]
Event: 3.701 Thread 0x00000000024d4800 Exception <a 'java/security/PrivilegedActionException'> (0x00000000ec03ede8) thrown at [C:\src\AOSP-openjdk-git\hotspot\src\share\vm\prims\jvm.cpp, line 1502]
Event: 3.701 Thread 0x00000000024d4800 Exception <a 'java/security/PrivilegedActionException'> (0x00000000ec03f1e0) thrown at [C:\src\AOSP-openjdk-git\hotspot\src\share\vm\prims\jvm.cpp, line 1502]
Event: 4.653 Thread 0x00000000024d4800 Exception <a 'java/lang/ArrayIndexOutOfBoundsException'> (0x00000000ebd87688) thrown at [C:\src\AOSP-openjdk-git\hotspot\src\share\vm\runtime\sharedRuntime.cpp, line 605]
Event: 5.405 Thread 0x00000000024d4800 Exception <a 'java/lang/ArrayIndexOutOfBoundsException'> (0x00000000eb774b40) thrown at [C:\src\AOSP-openjdk-git\hotspot\src\share\vm\runtime\sharedRuntime.cpp, line 605]

Events (10 events):
Event: 5.454 loading class kotlin/reflect/jvm/internal/impl/serialization/deserialization/builtins/BuiltInsLoaderImpl
Event: 5.454 loading class kotlin/reflect/jvm/internal/impl/serialization/deserialization/builtins/BuiltInsLoaderImpl done
Event: 5.454 loading class kotlin/reflect/jvm/internal/impl/serialization/deserialization/builtins/BuiltInsResourceLoader
Event: 5.454 loading class kotlin/reflect/jvm/internal/impl/serialization/deserialization/builtins/BuiltInsResourceLoader done
Event: 5.455 loading class kotlin/reflect/jvm/internal/impl/descriptors/deserialization/PlatformDependentDeclarationFilter$NoPlatformDependent
Event: 5.455 loading class kotlin/reflect/jvm/internal/impl/descriptors/deserialization/PlatformDependentDeclarationFilter$NoPlatformDependent done
Event: 5.455 loading class kotlin/reflect/jvm/internal/impl/descriptors/deserialization/AdditionalClassPartsProvider$None
Event: 5.455 loading class kotlin/reflect/jvm/internal/impl/descriptors/deserialization/AdditionalClassPartsProvider$None done
Event: 5.455 loading class kotlin/reflect/jvm/internal/impl/serialization/deserialization/builtins/BuiltInsLoaderImpl$createPackageFragmentProvider$1
Event: 5.455 loading class kotlin/reflect/jvm/internal/impl/serialization/deserialization/builtins/BuiltInsLoaderImpl$createPackageFragmentProvider$1 done


Dynamic libraries:
0x00007ff77e820000 - 0x00007ff77e851000 	C:\Program Files\Android\Android Studio\jre\jre\bin\java.exe
0x00007ff832db0000 - 0x00007ff832fa6000 	C:\WINDOWS\SYSTEM32\ntdll.dll
0x00007ff832cb0000 - 0x00007ff832d6d000 	C:\WINDOWS\System32\KERNEL32.DLL
0x00007ff830980000 - 0x00007ff830c49000 	C:\WINDOWS\System32\KERNELBASE.dll
0x00007ff8324b0000 - 0x00007ff83255c000 	C:\WINDOWS\System32\ADVAPI32.dll
0x00007ff830fc0000 - 0x00007ff83105e000 	C:\WINDOWS\System32\msvcrt.dll
0x00007ff831fa0000 - 0x00007ff83203c000 	C:\WINDOWS\System32\sechost.dll
0x00007ff831060000 - 0x00007ff83118b000 	C:\WINDOWS\System32\RPCRT4.dll
0x00007ff830e10000 - 0x00007ff830fb0000 	C:\WINDOWS\System32\USER32.dll
0x00007ff830cb0000 - 0x00007ff830cd2000 	C:\WINDOWS\System32\win32u.dll
0x00007ff8316c0000 - 0x00007ff8316ea000 	C:\WINDOWS\System32\GDI32.dll
0x00007ff830610000 - 0x00007ff83071b000 	C:\WINDOWS\System32\gdi32full.dll
0x00007ff830570000 - 0x00007ff83060d000 	C:\WINDOWS\System32\msvcp_win.dll
0x00007ff830720000 - 0x00007ff830820000 	C:\WINDOWS\System32\ucrtbase.dll
0x00007ff81f370000 - 0x00007ff81f60b000 	C:\WINDOWS\WinSxS\amd64_microsoft.windows.common-controls_6595b64144ccf1df_6.0.19041.746_none_ca02b4b61b8320a4\COMCTL32.dll
0x00007ff832a20000 - 0x00007ff832a50000 	C:\WINDOWS\System32\IMM32.DLL
0x000000005f400000 - 0x000000005f4d2000 	C:\Program Files\Android\Android Studio\jre\jre\bin\msvcr100.dll
0x000000005ff40000 - 0x000000006078b000 	C:\Program Files\Android\Android Studio\jre\jre\bin\server\jvm.dll
0x00007ff832c30000 - 0x00007ff832c38000 	C:\WINDOWS\System32\PSAPI.DLL
0x00007ff825460000 - 0x00007ff82546a000 	C:\WINDOWS\SYSTEM32\VERSION.dll
0x00007ff81c720000 - 0x00007ff81c747000 	C:\WINDOWS\SYSTEM32\WINMM.dll
0x00007ff82b990000 - 0x00007ff82b999000 	C:\WINDOWS\SYSTEM32\WSOCK32.dll
0x00007ff832c40000 - 0x00007ff832cab000 	C:\WINDOWS\System32\WS2_32.dll
0x00007ff8212c0000 - 0x00007ff8212cf000 	C:\Program Files\Android\Android Studio\jre\jre\bin\verify.dll
0x00007ff8173d0000 - 0x00007ff8173f9000 	C:\Program Files\Android\Android Studio\jre\jre\bin\java.dll
0x00007ff820430000 - 0x00007ff820446000 	C:\Program Files\Android\Android Studio\jre\jre\bin\zip.dll
0x00007ff8316f0000 - 0x00007ff831e33000 	C:\WINDOWS\System32\SHELL32.dll
0x00007ff82e650000 - 0x00007ff82eddf000 	C:\WINDOWS\SYSTEM32\windows.storage.dll
0x00007ff832580000 - 0x00007ff8328d6000 	C:\WINDOWS\System32\combase.dll
0x00007ff82fe80000 - 0x00007ff82feac000 	C:\WINDOWS\SYSTEM32\Wldp.dll
0x00007ff831330000 - 0x00007ff8313de000 	C:\WINDOWS\System32\SHCORE.dll
0x00007ff8328e0000 - 0x00007ff832935000 	C:\WINDOWS\System32\shlwapi.dll
0x00007ff830420000 - 0x00007ff830446000 	C:\WINDOWS\SYSTEM32\profapi.dll

VM Arguments:
java_command: org.jetbrains.kotlin.cli.jvm.K2JVMCompiler -Xallow-no-source-files -classpath C:\Users\Relion\AndroidStudioProjects\MyAppTest\app\build\intermediates\compile_and_runtime_not_namespaced_r_class_jar\debug\R.jar;C:\Users\Relion\.gradle\caches\transforms-2\files-2.1\a3d1f16cf3e94b1375196346a9d93eda\jetified-core-ktx-1.2.0-api.jar;C:\Users\Relion\.gradle\caches\transforms-2\files-2.1\b2c0f95d44ed3cf5476d8533af74ab1a\jetified-lifecycle-livedata-ktx-2.2.0-api.jar;C:\Users\Relion\.gradle\caches\transforms-2\files-2.1\71e429717eb69f683c6c547f35bb1b9c\jetified-lifecycle-viewmodel-ktx-2.2.0-api.jar;C:\Users\Relion\.gradle\caches\transforms-2\files-2.1\434c452cafb174f9d7b170c6daab48d0\jetified-kotlinx-coroutines-android-1.3.0.jar;C:\Users\Relion\.gradle\caches\transforms-2\files-2.1\2fef5ff6c278a29149964b4a010a2268\jetified-kotlinx-coroutines-core-1.3.0.jar;C:\Users\Relion\.gradle\caches\transforms-2\files-2.1\10729cbd1cfdf71c172fe28596787d06\jetified-lifecycle-livedata-core-ktx-2.2.0-api.jar;C:\Users\Relion\.gradle\caches\transforms-2\files-2.1\e24425c5e129b972f8cf2d6b1b471b12\jetified-kotlin-stdlib-1.3.72.jar;C:\Users\Relion\.gradle\caches\transforms-2\files-2.1\554bebb569f106c02672a9b72ae82eec\jetified-kotlin-stdlib-common-1.3.72.jar;C:\Users\Relion\.gradle\caches\transforms-2\files-2.1\9b00ae621c12c3bfedc3250e3d20a9f2\jetified-annotations-13.0.jar;C:\Users\Relion\.gradle\caches\transforms-2\files-2.1\2f9baf78b3a7443820b7a04001afbb3a\material-1.1.0-api.jar;C:\Users\Relion\.gradle\caches\transforms-2\files-2.1\db6de348fc228b7580e99a3b24405511\appcompat-1.1.0-api.jar;C:\Users\Relion\.gradle\caches\transforms-2\files-2.1\a265561575907395c52ae16e222813bd\jetified-viewpager2-1.0.0-api.jar;C:\Users\Relion\.gradle\caches\transforms-2\files-2.1\393f5c700ca907f21bb91a7dbf65e46c\fragment-1.1.0-api.jar;C:\Users\Relion\.gradle\caches\transforms-2\files-2.1\7f66ab4663c9e164a5d3e3629bd5a402\jetified-appcompat-resources-1.1.0-api.jar;C:\Users\Relion\.gradle\caches\transform
java_class_path (initial): C:\Users\Relion\.gradle\caches\modules-2\files-2.1\org.jetbrains.kotlin\kotlin-compiler-embeddable\1.3.72\fb72232c8fa977d5e07d33c43381ddbdc5edab6\kotlin-compiler-embeddable-1.3.72.jar;C:\Users\Relion\.gradle\caches\modules-2\files-2.1\org.jetbrains.kotlin\kotlin-reflect\1.3.72\86613e1a669a701b0c660bfd2af4f82a7ae11fca\kotlin-reflect-1.3.72.jar;C:\Users\Relion\.gradle\caches\modules-2\files-2.1\org.jetbrains.kotlin\kotlin-stdlib\1.3.72\8032138f12c0180bc4e51fe139d4c52b46db6109\kotlin-stdlib-1.3.72.jar;C:\Users\Relion\.gradle\caches\modules-2\files-2.1\org.jetbrains.kotlin\kotlin-script-runtime\1.3.72\657d8d34d91e1964b4439378c09933e840bfe8d5\kotlin-script-runtime-1.3.72.jar;C:\Users\Relion\.gradle\caches\modules-2\files-2.1\org.jetbrains.kotlin\kotlin-daemon-embeddable\1.3.72\53bbaa2816dbf6bdb85f629451b1fcc88f2164d2\kotlin-daemon-embeddable-1.3.72.jar;C:\Users\Relion\.gradle\caches\modules-2\files-2.1\org.jetbrains.intellij.deps\trove4j\1.0.20181211\216c2e14b070f334479d800987affe4054cd563f\trove4j-1.0.20181211.jar;C:\Users\Relion\.gradle\caches\modules-2\files-2.1\org.jetbrains.kotlin\kotlin-stdlib-common\1.3.72\6ca8bee3d88957eaaaef077c41c908c9940492d8\kotlin-stdlib-common-1.3.72.jar;C:\Users\Relion\.gradle\caches\modules-2\files-2.1\org.jetbrains\annotations\13.0\919f0dfe192fb4e063e7dacadee7f8bb9a2672a9\annotations-13.0.jar;C:\Program Files\Android\Android Studio\jre\lib\tools.jar
Launcher Type: SUN_STANDARD

Environment Variables:
PATH=C:\ProgramData\Oracle\Java\javapath;C:\WINDOWS\system32;C:\WINDOWS;C:\WINDOWS\System32\Wbem;C:\WINDOWS\System32\WindowsPowerShell\v1.0\;C:\WINDOWS\System32\OpenSSH\;C:\Program Files (x86)\Intel\OpenCL SDK\2.0\bin\x86;C:\Program Files (x86)\Intel\OpenCL SDK\2.0\bin\x64;C:\Program Files (x86)\Intel\OpenCL SDK\2.0\bin\x86;C:\Program Files (x86)\Intel\OpenCL SDK\2.0\bin\x64;C:\Users\Relion\AppData\Local\Microsoft\WindowsApps;
USERNAME=Relion
OS=Windows_NT
PROCESSOR_IDENTIFIER=Intel64 Family 6 Model 42 Stepping 7, GenuineIntel



---------------  S Y S T E M  ---------------

OS: Windows 10.0 , 64 bit Build 19041 (10.0.19041.662)

CPU:total 4 (initial active 4) (2 cores per cpu, 2 threads per core) family 6 model 42 stepping 7, cmov, cx8, fxsr, mmx, sse, sse2, sse3, ssse3, sse4.1, sse4.2, popcnt, avx, aes, clmul, ht, tsc, tscinvbit

Memory: 4k page, physical 4100860k(27308k free), swap 4100860k(5120k free)

vm_info: OpenJDK 64-Bit Server VM (25.242-b01) for windows-amd64 JRE (1.8.0_242-release-1644-b01), built by "builder" with MS VC++ 10.0 (VS2010)

time: Mon Jan 25 21:03:11 2021
timezone: SE Asia Standard Time
elapsed time: 5 seconds (0d 0h 0m 5s)

