JvmtiExport can_access_local_variables 0
JvmtiExport can_hotswap_or_post_breakpoint 0
JvmtiExport can_post_on_exceptions 0
# 262 ciObject found
ciMethod java/lang/Object <init> ()V 4097 1 107107 0 -1
ciMethod java/lang/Throwable getMessage ()Ljava/lang/String; 0 0 1 0 -1
ciMethod java/lang/Number <init> ()V 3353 1 1433 0 -1
ciMethod java/lang/Integer valueOf (I)Ljava/lang/Integer; 2065 1 1782 0 -1
ciMethod java/lang/Integer <init> (I)V 2393 1 378 0 -1
ciMethod java/lang/NullPointerException <init> ()V 0 0 1 0 -1
ciMethod java/util/List add (Ljava/lang/Object;)Z 0 0 1 0 -1
ciMethod java/util/AbstractList <init> ()V 1737 1 12260 0 -1
ciMethod java/util/AbstractCollection <init> ()V 241 1 14038 0 -1
ciMethod java/util/ArrayList <init> ()V 561 1 8652 0 -1
ciMethod java/util/Collections unmodifiableList (Ljava/util/List;)Ljava/util/List; 2137 1 2245 0 -1
ciMethod java/util/Collections$UnmodifiableRandomAccessList <init> (Ljava/util/List;)V 2145 1 2246 0 -1
ciMethod java/util/Collections$UnmodifiableList <init> (Ljava/util/List;)V 2145 1 2246 0 -1
ciMethod java/util/Collections$UnmodifiableCollection <init> (Ljava/util/Collection;)V 2193 1 2252 0 -1
ciMethodData java/lang/Object <init> ()V 2 107111 orig 264 88 29 79 96 0 0 0 0 128 4 35 20 0 0 0 0 32 1 0 0 0 0 0 0 0 0 0 0 0 0 0 0 0 0 0 0 0 0 0 0 0 0 0 0 0 0 0 0 0 0 0 0 0 0 0 0 0 0 0 0 0 0 0 0 0 0 0 0 0 0 0 0 0 0 0 0 0 0 0 0 77 68 79 32 101 120 116 114 97 32 100 97 116 97 32 108 111 99 107 0 0 0 0 0 0 0 0 0 0 0 0 0 0 0 0 0 0 0 0 0 0 0 0 0 0 0 0 0 0 0 0 0 0 0 0 0 0 0 0 0 0 0 0 0 0 0 0 0 0 0 0 0 0 0 0 0 0 0 0 0 0 0 0 0 0 0 0 0 0 0 0 0 0 0 0 0 0 0 0 0 0 0 0 0 1 0 0 0 0 0 0 0 1 0 0 0 0 0 0 0 1 0 0 0 0 0 0 0 0 0 0 0 0 0 0 0 0 2 0 0 57 3 13 0 1 0 0 0 0 0 0 0 0 0 0 0 2 0 0 0 0 0 3 0 1 0 0 0 0 0 0 0 255 255 255 255 0 0 0 0 0 0 0 0 data 0 oops 0
ciMethodData java/util/AbstractCollection <init> ()V 2 14038 orig 264 88 29 79 96 0 0 0 0 184 144 47 20 0 0 0 0 48 1 0 0 0 0 0 0 0 0 0 0 0 0 0 0 0 0 0 0 0 0 0 0 0 0 0 0 0 0 0 0 0 0 0 0 0 0 0 0 0 0 0 0 0 0 0 0 0 0 0 0 0 0 0 0 0 0 0 0 0 0 0 0 77 68 79 32 101 120 116 114 97 32 100 97 116 97 32 108 111 99 107 0 0 0 0 0 0 0 0 0 0 0 0 0 0 0 0 0 0 0 0 0 0 0 0 0 0 0 0 0 0 0 0 0 0 0 0 0 0 0 0 0 0 0 0 0 0 0 0 0 0 0 0 0 0 0 0 0 0 0 0 0 0 0 0 0 0 0 0 0 0 0 0 0 0 0 0 0 0 0 0 0 0 0 0 0 0 0 0 0 0 0 0 0 0 0 0 0 0 0 0 0 0 0 0 0 0 0 0 0 0 0 0 0 0 0 0 0 30 0 0 0 193 181 1 0 1 0 0 0 0 0 0 0 0 0 0 0 2 0 0 0 0 0 3 0 2 0 0 0 16 0 0 0 255 255 255 255 2 0 1 0 0 0 0 0 data 2 0x10002 0x36b8 oops 0
ciMethodData java/lang/Number <init> ()V 2 1433 orig 264 88 29 79 96 0 0 0 0 232 254 44 20 0 0 0 0 48 1 0 0 0 0 0 0 0 0 0 0 0 0 0 0 0 0 0 0 0 0 0 0 0 0 0 0 0 0 0 0 0 0 0 0 0 0 0 0 0 0 0 0 0 0 0 0 0 0 0 0 0 0 0 0 0 0 0 0 0 0 0 0 77 68 79 32 101 120 116 114 97 32 100 97 116 97 32 108 111 99 107 0 0 0 0 0 0 0 0 0 0 0 0 0 0 0 0 0 0 0 0 0 0 0 0 0 0 0 0 0 0 0 0 0 0 0 0 0 0 0 0 0 0 0 0 0 0 0 0 0 0 0 0 0 0 0 0 0 0 0 0 0 0 0 0 0 0 0 0 0 0 0 0 0 0 0 0 0 0 0 0 0 0 0 0 0 0 0 0 0 0 0 0 0 0 0 0 0 0 0 0 0 0 0 0 0 0 0 0 0 0 0 0 0 0 0 0 0 162 1 0 0 177 31 0 0 1 0 0 0 0 0 0 0 0 0 0 0 2 0 0 0 0 0 3 0 2 0 0 0 16 0 0 0 255 255 255 255 2 0 1 0 0 0 0 0 data 2 0x10002 0x3f6 oops 0
ciMethodData java/lang/NullPointerException <init> ()V 1 0 orig 264 88 29 79 96 0 0 0 0 88 198 45 20 0 0 0 0 48 1 0 0 0 0 0 0 0 0 0 0 0 0 0 0 0 0 0 0 0 0 0 0 0 0 0 0 0 0 0 0 0 0 0 0 0 0 0 0 0 0 0 0 0 0 0 0 0 0 0 0 0 0 0 0 0 0 0 0 0 0 0 0 77 68 79 32 101 120 116 114 97 32 100 97 116 97 32 108 111 99 107 0 0 0 0 0 0 0 0 0 0 0 0 0 0 0 0 0 0 0 0 0 0 0 0 0 0 0 0 0 0 0 0 0 0 0 0 0 0 0 0 0 0 0 0 0 0 0 0 0 0 0 0 0 0 0 0 0 0 0 0 0 0 0 0 0 0 0 0 0 0 0 0 0 0 0 0 0 0 0 0 0 0 0 0 0 0 0 0 0 0 0 0 0 0 0 0 0 0 0 0 0 0 0 0 0 0 0 0 0 0 0 0 0 0 0 0 0 0 0 0 0 1 0 0 0 1 0 0 0 0 0 0 0 0 0 0 0 2 0 0 0 0 0 0 0 0 0 0 0 16 0 0 0 255 255 255 255 2 0 1 0 0 0 0 0 data 2 0x10002 0x0 oops 0
ciMethodData java/util/ArrayList <init> ()V 2 8652 orig 264 88 29 79 96 0 0 0 0 32 20 48 20 0 0 0 0 48 1 0 0 0 0 0 0 0 0 0 0 0 0 0 0 0 0 0 0 0 0 0 0 0 0 0 0 0 0 0 0 0 0 0 0 0 0 0 0 0 0 0 0 0 0 0 0 0 0 0 0 0 0 0 0 0 0 0 0 0 0 0 0 77 68 79 32 101 120 116 114 97 32 100 97 116 97 32 108 111 99 107 0 0 0 0 0 0 0 0 0 0 0 0 0 0 0 0 0 0 0 0 0 0 0 0 0 0 0 0 0 0 0 0 0 0 0 0 0 0 0 0 0 0 0 0 0 0 0 0 0 0 0 0 0 0 0 0 0 0 0 0 0 0 0 0 0 0 0 0 0 0 0 0 0 0 0 0 0 0 0 0 0 0 0 0 0 0 0 0 0 0 0 0 0 0 0 0 0 0 0 0 0 0 0 0 0 0 0 0 0 0 0 0 0 0 0 0 0 70 0 0 0 49 12 1 0 1 0 0 0 0 0 0 0 0 0 0 0 2 0 0 0 0 0 3 0 2 0 0 0 16 0 0 0 255 255 255 255 2 0 1 0 0 0 0 0 data 2 0x10002 0x2186 oops 0
ciMethodData java/util/AbstractList <init> ()V 2 12260 orig 264 88 29 79 96 0 0 0 0 24 125 47 20 0 0 0 0 48 1 0 0 0 0 0 0 0 0 0 0 0 0 0 0 0 0 0 0 0 0 0 0 0 0 0 0 0 0 0 0 0 0 0 0 0 0 0 0 0 0 0 0 0 0 0 0 0 0 0 0 0 0 0 0 0 0 0 0 0 0 0 0 77 68 79 32 101 120 116 114 97 32 100 97 116 97 32 108 111 99 107 0 0 0 0 0 0 0 0 0 0 0 0 0 0 0 0 0 0 0 0 0 0 0 0 0 0 0 0 0 0 0 0 0 0 0 0 0 0 0 0 0 0 0 0 0 0 0 0 0 0 0 0 0 0 0 0 0 0 0 0 0 0 0 0 0 0 0 0 0 0 0 0 0 0 0 0 0 0 0 0 0 0 0 0 0 0 0 0 0 0 0 0 0 0 0 0 0 0 0 0 0 0 0 0 0 0 0 0 0 0 0 0 0 0 0 0 0 217 0 0 0 89 120 1 0 1 0 0 0 0 0 0 0 0 0 0 0 2 0 0 0 0 0 3 0 2 0 0 0 16 0 0 0 255 255 255 255 2 0 1 0 0 0 0 0 data 2 0x10002 0x2f0b oops 0
ciMethod kotlin/reflect/jvm/internal/impl/protobuf/InvalidProtocolBufferException <init> (Ljava/lang/String;)V 0 0 1 0 -1
ciMethod kotlin/reflect/jvm/internal/impl/protobuf/InvalidProtocolBufferException setUnfinishedMessage (Lkotlin/reflect/jvm/internal/impl/protobuf/MessageLite;)Lkotlin/reflect/jvm/internal/impl/protobuf/InvalidProtocolBufferException; 0 0 1 0 -1
ciMethod kotlin/reflect/jvm/internal/impl/protobuf/MessageLiteOrBuilder getDefaultInstanceForType ()Lkotlin/reflect/jvm/internal/impl/protobuf/MessageLite; 0 0 1 0 -1
ciMethod kotlin/reflect/jvm/internal/impl/protobuf/GeneratedMessageLite$ExtendableMessage <init> ()V 4097 1 4107 0 -1
ciMethod kotlin/reflect/jvm/internal/impl/protobuf/GeneratedMessageLite$ExtendableMessage parseUnknownField (Lkotlin/reflect/jvm/internal/impl/protobuf/CodedInputStream;Lkotlin/reflect/jvm/internal/impl/protobuf/CodedOutputStream;Lkotlin/reflect/jvm/internal/impl/protobuf/ExtensionRegistryLite;I)Z 1505 1 558 0 -1
ciMethod kotlin/reflect/jvm/internal/impl/protobuf/GeneratedMessageLite$ExtendableMessage makeExtensionsImmutable ()V 4097 1 4208 0 -1
ciMethod kotlin/reflect/jvm/internal/impl/protobuf/GeneratedMessageLite <init> ()V 3081 1 6741 0 -1
ciMethod kotlin/reflect/jvm/internal/impl/protobuf/GeneratedMessageLite parseUnknownField (Lkotlin/reflect/jvm/internal/impl/protobuf/FieldSet;Lkotlin/reflect/jvm/internal/impl/protobuf/MessageLite;Lkotlin/reflect/jvm/internal/impl/protobuf/CodedInputStream;Lkotlin/reflect/jvm/internal/impl/protobuf/CodedOutputStream;Lkotlin/reflect/jvm/internal/impl/protobuf/ExtensionRegistryLite;I)Z 1537 1 558 0 -1
ciMethod kotlin/reflect/jvm/internal/impl/protobuf/GeneratedMessageLite access$100 (Lkotlin/reflect/jvm/internal/impl/protobuf/FieldSet;Lkotlin/reflect/jvm/internal/impl/protobuf/MessageLite;Lkotlin/reflect/jvm/internal/impl/protobuf/CodedInputStream;Lkotlin/reflect/jvm/internal/impl/protobuf/CodedOutputStream;Lkotlin/reflect/jvm/internal/impl/protobuf/ExtensionRegistryLite;I)Z 1513 1 558 0 -1
ciMethod kotlin/reflect/jvm/internal/impl/protobuf/AbstractMessageLite <init> ()V 3233 1 7275 0 -1
ciMethod kotlin/reflect/jvm/internal/impl/protobuf/ByteString$Output <init> (I)V 2057 1 6528 0 -1
ciMethod kotlin/reflect/jvm/internal/impl/protobuf/ByteString$Output toByteString ()Lkotlin/reflect/jvm/internal/impl/protobuf/ByteString; 4097 1 7564 0 -1
ciMethod kotlin/reflect/jvm/internal/impl/protobuf/ByteString$Output flushLastBuffer ()V 4097 1 5822 0 -1
ciMethod kotlin/reflect/jvm/internal/impl/protobuf/FieldSet <init> ()V 4097 1 4140 0 -1
ciMethod kotlin/reflect/jvm/internal/impl/protobuf/FieldSet newFieldSet ()Lkotlin/reflect/jvm/internal/impl/protobuf/FieldSet; 4097 1 4128 0 -1
ciMethod kotlin/reflect/jvm/internal/impl/protobuf/FieldSet makeImmutable ()V 4097 1 4209 0 -1
ciMethod kotlin/reflect/jvm/internal/impl/protobuf/SmallSortedMap newFieldMap (I)Lkotlin/reflect/jvm/internal/impl/protobuf/SmallSortedMap; 4097 1 4161 0 -1
ciMethod kotlin/reflect/jvm/internal/impl/protobuf/SmallSortedMap <init> (I)V 4097 1 4169 0 -1
ciMethod kotlin/reflect/jvm/internal/impl/protobuf/SmallSortedMap makeImmutable ()V 4097 1 4210 0 -1
ciMethod kotlin/reflect/jvm/internal/impl/protobuf/SmallSortedMap <init> (ILkotlin/reflect/jvm/internal/impl/protobuf/SmallSortedMap$1;)V 4097 1 4169 0 -1
ciMethod kotlin/reflect/jvm/internal/impl/protobuf/SmallSortedMap$1 <init> (I)V 4097 1 4166 0 -1
ciMethod kotlin/reflect/jvm/internal/impl/protobuf/ByteString copyFrom (Ljava/lang/Iterable;)Lkotlin/reflect/jvm/internal/impl/protobuf/ByteString; 4097 1 6939 0 -1
ciMethod kotlin/reflect/jvm/internal/impl/protobuf/ByteString newOutput ()Lkotlin/reflect/jvm/internal/impl/protobuf/ByteString$Output; 2049 1 6522 0 -1
ciMethod kotlin/reflect/jvm/internal/impl/metadata/ProtoBuf$TypeTable newBuilder ()Lkotlin/reflect/jvm/internal/impl/metadata/ProtoBuf$TypeTable$Builder; 0 0 1 0 -1
ciMethod kotlin/reflect/jvm/internal/impl/metadata/ProtoBuf$TypeTable newBuilder (Lkotlin/reflect/jvm/internal/impl/metadata/ProtoBuf$TypeTable;)Lkotlin/reflect/jvm/internal/impl/metadata/ProtoBuf$TypeTable$Builder; 0 0 1 0 -1
ciMethod kotlin/reflect/jvm/internal/impl/metadata/ProtoBuf$TypeTable toBuilder ()Lkotlin/reflect/jvm/internal/impl/metadata/ProtoBuf$TypeTable$Builder; 0 0 1 0 -1
ciMethod kotlin/reflect/jvm/internal/impl/metadata/ProtoBuf$Class getDefaultInstanceForType ()Lkotlin/reflect/jvm/internal/impl/metadata/ProtoBuf$Class; 537 1 67 0 -1
ciMethod kotlin/reflect/jvm/internal/impl/metadata/ProtoBuf$Class <init> (Lkotlin/reflect/jvm/internal/impl/protobuf/CodedInputStream;Lkotlin/reflect/jvm/internal/impl/protobuf/ExtensionRegistryLite;)V 1025 18457 128 0 -1
ciMethod kotlin/reflect/jvm/internal/impl/metadata/ProtoBuf$Class initFields ()V 1065 1 132 0 -1
ciMethod kotlin/reflect/jvm/internal/impl/metadata/ProtoBuf$Class getDefaultInstanceForType ()Lkotlin/reflect/jvm/internal/impl/protobuf/MessageLite; 537 1 67 0 -1
ciMethod kotlin/reflect/jvm/internal/impl/metadata/ProtoBuf$VersionRequirementTable newBuilder ()Lkotlin/reflect/jvm/internal/impl/metadata/ProtoBuf$VersionRequirementTable$Builder; 0 0 1 0 -1
ciMethod kotlin/reflect/jvm/internal/impl/metadata/ProtoBuf$VersionRequirementTable newBuilder (Lkotlin/reflect/jvm/internal/impl/metadata/ProtoBuf$VersionRequirementTable;)Lkotlin/reflect/jvm/internal/impl/metadata/ProtoBuf$VersionRequirementTable$Builder; 0 0 1 0 -1
ciMethod kotlin/reflect/jvm/internal/impl/metadata/ProtoBuf$VersionRequirementTable toBuilder ()Lkotlin/reflect/jvm/internal/impl/metadata/ProtoBuf$VersionRequirementTable$Builder; 0 0 1 0 -1
ciMethod kotlin/reflect/jvm/internal/impl/protobuf/CodedInputStream readTag ()I 3713 1 11805 0 -1
ciMethod kotlin/reflect/jvm/internal/impl/protobuf/CodedInputStream readInt32 ()I 3561 1 9669 0 -1
ciMethod kotlin/reflect/jvm/internal/impl/protobuf/CodedInputStream readMessage (Lkotlin/reflect/jvm/internal/impl/protobuf/Parser;Lkotlin/reflect/jvm/internal/impl/protobuf/ExtensionRegistryLite;)Lkotlin/reflect/jvm/internal/impl/protobuf/MessageLite; 3233 1 6873 0 -1
ciMethod kotlin/reflect/jvm/internal/impl/protobuf/CodedInputStream readRawVarint32 ()I 2841 1 10625 0 -1
ciMethod kotlin/reflect/jvm/internal/impl/protobuf/CodedInputStream pushLimit (I)I 3089 1 5783 0 -1
ciMethod kotlin/reflect/jvm/internal/impl/protobuf/CodedInputStream recomputeBufferSizeAfterLimit ()V 3385 1 5790 0 -1
ciMethod kotlin/reflect/jvm/internal/impl/protobuf/CodedInputStream popLimit (I)V 3721 1 7570 0 -1
ciMethod kotlin/reflect/jvm/internal/impl/protobuf/CodedInputStream getBytesUntilLimit ()I 1609 1 488 0 -1
ciMethod kotlin/reflect/jvm/internal/impl/protobuf/CodedOutputStream <init> (Ljava/io/OutputStream;[B)V 2665 1 6693 0 -1
ciMethod kotlin/reflect/jvm/internal/impl/protobuf/CodedOutputStream newInstance (Ljava/io/OutputStream;I)Lkotlin/reflect/jvm/internal/impl/protobuf/CodedOutputStream; 2649 1 6681 0 -1
ciMethod kotlin/reflect/jvm/internal/impl/protobuf/CodedOutputStream refreshBuffer ()V 3417 1 5600 0 -1
ciMethod kotlin/reflect/jvm/internal/impl/protobuf/CodedOutputStream flush ()V 3385 1 7784 0 -1
ciMethodData kotlin/reflect/jvm/internal/impl/protobuf/CodedInputStream readRawVarint32 ()I 2 10625 orig 264 88 29 79 96 0 0 0 0 104 134 157 20 0 0 0 0 136 3 0 0 0 0 0 0 0 0 0 0 0 0 0 0 0 0 0 0 0 0 0 0 0 0 0 0 0 0 0 0 0 0 0 0 0 0 0 0 0 0 0 0 0 0 0 0 0 0 0 0 0 0 0 0 0 0 0 0 0 0 0 0 77 68 79 32 101 120 116 114 97 32 100 97 116 97 32 108 111 99 107 0 0 0 0 0 0 0 0 0 0 0 0 0 0 0 0 0 0 0 0 0 0 0 0 0 0 0 0 0 0 0 0 0 0 0 0 0 0 0 0 0 0 0 0 0 1 0 0 0 0 0 0 0 0 0 0 0 0 0 0 0 0 0 0 0 0 0 0 0 0 0 0 0 0 0 0 0 0 0 0 1 0 0 0 0 0 0 0 0 0 0 0 0 0 0 0 0 0 0 0 0 0 0 0 0 0 0 0 0 0 0 0 0 0 0 0 0 99 1 0 0 241 64 1 0 1 0 0 0 28 20 0 0 0 0 0 0 2 0 0 0 0 0 29 0 2 0 0 0 64 2 0 0 255 255 255 255 7 224 10 0 0 0 0 0 data 72 0xae007 0x281e 0x38 0x1 0xd0003 0x1 0x1f0 0x1d0007 0x34a 0x20 0x24d4 0x2f0007 0x14a 0x38 0x200 0x320003 0x200 0x198 0x450007 0x77 0x38 0xd3 0x500003 0xd3 0x160 0x630007 0x0 0x38 0x77 0x6e0003 0x77 0x128 0x810007 0x0 0x38 0x0 0x8c0003 0x0 0xf0 0xa90007 0x0 0xd8 0x0 0xb20007 0x0 0xb8 0x0 0xbb0007 0x0 0x98 0x0 0xc40007 0x0 0x78 0x0 0xcd0007 0x0 0x58 0x0 0xd60007 0x0 0x38 0x0 0xd90003 0x0 0x18 0xe40005 0x2c 0x16ecbbd0 0x1d5 0x0 0x0 oops 1